Arguments: 
  /Users/liujiantao/.nvm/versions/node/v14.17.6/bin/node /usr/local/bin/yarn

PATH: 
  /Users/liujiantao/.nvm/versions/node/v14.17.6/bin:/Users/liujiantao/opt/anaconda3/bin:/Users/liujiantao/opt/anaconda3/condabin:/usr/local/bin:/usr/bin:/bin:/usr/sbin:/sbin:/usr/local/go/bin:/Library/Apple/usr/bin

Yarn version: 
  1.22.10

Node version: 
  14.17.6

Platform: 
  darwin x64

Trace: 
  Error: EACCES: permission denied, mkdir '/Users/liujiantao/Dev/Github/vite-vue3-template/node_modules/@istanbuljs/load-nyc-config/node_modules/js-yaml'

npm manifest: 
  {
    "name": "vite-vue3-starter",
    "version": "0.0.1",
    "private": false,
    "scripts": {
      "dev": "vite",
      "build": "vite build",
      "build-tsc": "vue-tsc --noEmit && vite build",
      "serve": "vite preview",
      "format": "prettier --write ./src",
      "lint": "eslint ./src --ext .vue,.js,.ts",
      "lint-fix": "eslint --fix ./src --ext .vue,.js,.ts",
      "prepare": "husky install",
      "test": "jest"
    },
    "author": "星际港湾",
    "license": "MIT",
    "lint-staged": {
      "*.{vue,js,ts}": "eslint --fix"
    },
    "config": {
      "commitizen": {
        "path": "./node_modules/cz-customizable"
      }
    },
    "dependencies": {
      "axios": "^0.26.0",
      "commitizen": "^4.2.4",
      "element-plus": "^2.0.2",
      "vue": "^3.2.31",
      "vue-router": "^4.0.12",
      "vuex": "^4.0.2"
    },
    "devDependencies": {
      "@commitlint/cli": "^16.2.1",
      "@commitlint/config-conventional": "^16.2.1",
      "@types/jest": "^27.4.0",
      "@typescript-eslint/eslint-plugin": "^5.12.0",
      "@typescript-eslint/parser": "^5.12.0",
      "@vitejs/plugin-vue": "^2.2.0",
      "@vue/compiler-sfc": "^3.2.31",
      "@vue/test-utils": "^2.0.0-rc.17",
      "cz-conventional-changelog": "^3.3.0",
      "cz-customizable": "^6.3.0",
      "eslint": "^8.9.0",
      "eslint-config-airbnb-base": "^15.0.0",
      "eslint-config-prettier": "^8.3.0",
      "eslint-plugin-import": "^2.25.4",
      "eslint-plugin-jest": "^26.1.1",
      "eslint-plugin-prettier": "^4.0.0",
      "eslint-plugin-vue": "^8.4.1",
      "husky": "^7.0.4",
      "jest": "^27.5.1",
      "lint-staged": "^12.3.4",
      "prettier": "^2.5.1",
      "stylus": "^0.56.0",
      "ts-jest": "^27.1.3",
      "typescript": "^4.5.5",
      "vite": "^2.8.3",
      "vite-plugin-element-plus": "0.0.12",
      "vue-jest": "^5.0.0-alpha.7",
      "vue-tsc": "^0.31.4"
    }
  }

yarn manifest: 
  No manifest

Lockfile: 
  No lockfile
